Build started 10/27/2015 2:11:35 AM.
     1>Project "C:\Users\Kevin\Documents\Visual Studio 2015\Projects\CSGO\CSGO Litehack\CSGO Litehack.vcxproj" on node 2 (Rebuild target(s)).
     1>ClCompile:
         C:\Program Files (x86)\Microsoft Visual Studio 14.0\VC\bin\x86_amd64\CL.exe /c /Zi /nologo /W3 /WX- /sdl /O2 /Oi /GL /D NDEBUG /D _CONSOLE /D _MBCS /Gm- /EHsc /MD /GS /Gy /fp:precise /Zc:wchar_t /Zc:forScope /Zc:inline /Fo"x64\Release\\" /Fd"x64\Release\vc140.pdb" /Gd /TP /errorReport:prompt BSP.cpp main.cpp PMemory.cpp
         BSP.cpp
         main.cpp
     1>main.cpp(384): warning C4312: 'type cast': conversion from 'DWORD' to 'LPVOID' of greater size
     1>main.cpp(391): warning C4267: 'initializing': conversion from 'size_t' to 'int', possible loss of data
     1>main.cpp(486): warning C4312: 'type cast': conversion from 'DWORD' to 'LPVOID' of greater size
     1>main.cpp(602): warning C4554: '&': check operator precedence for possible error; use parentheses to clarify precedence
     1>main.cpp(620): warning C4312: 'type cast': conversion from 'DWORD' to 'LPVOID' of greater size
     1>main.cpp(637): warning C4800: 'char *': forcing value to bool 'true' or 'false' (performance warning)
     1>main.cpp(638): warning C4800: 'char *': forcing value to bool 'true' or 'false' (performance warning)
     1>main.cpp(639): warning C4800: 'char *': forcing value to bool 'true' or 'false' (performance warning)
     1>main.cpp(640): warning C4800: 'char *': forcing value to bool 'true' or 'false' (performance warning)
     1>main.cpp(611): warning C4101: 'oldAng': unreferenced local variable
     1>main.cpp(707): warning C4312: 'type cast': conversion from 'DWORD' to 'LPVOID' of greater size
     1>c:\users\kevin\documents\visual studio 2015\projects\csgo\csgo litehack\PMemory.h(38): warning C4312: 'type cast': conversion from 'DWORD' to 'LPVOID' of greater size
         main.cpp(37): note: see reference to function template instantiation 'T PMemory::Read<DWORD>(DWORD,bool,int,T)' being compiled
                 with
                 [
                     T=DWORD
                 ]
     1>c:\users\kevin\documents\visual studio 2015\projects\csgo\csgo litehack\PMemory.h(43): warning C4312: 'type cast': conversion from 'DWORD' to 'LPVOID' of greater size
     1>c:\users\kevin\documents\visual studio 2015\projects\csgo\csgo litehack\PMemory.h(43): warning C4312: 'type cast': conversion from 'DWORD' to 'DWORD *' of greater size
     1>c:\users\kevin\documents\visual studio 2015\projects\csgo\csgo litehack\PMemory.h(72): warning C4312: 'type cast': conversion from 'DWORD' to 'LPVOID' of greater size
         main.cpp(44): note: see reference to function template instantiation 'WriteType PMemory::Write<float*>(DWORD,WriteType,bool,int)' being compiled
                 with
                 [
                     WriteType=float *
                 ]
     1>c:\users\kevin\documents\visual studio 2015\projects\csgo\csgo litehack\PMemory.h(77): warning C4312: 'type cast': conversion from 'DWORD' to 'LPVOID' of greater size
     1>c:\users\kevin\documents\visual studio 2015\projects\csgo\csgo litehack\PMemory.h(43): warning C4312: 'type cast': conversion from 'int' to 'int *' of greater size
     1>c:\users\kevin\documents\visual studio 2015\projects\csgo\csgo litehack\PMemory.h(89): warning C4312: 'type cast': conversion from 'DWORD' to 'LPVOID' of greater size
         main.cpp(712): note: see reference to function template instantiation 'void PMemory::WriteNew<int>(DWORD,T)' being compiled
                 with
                 [
                     T=int
                 ]
     1>c:\users\kevin\documents\visual studio 2015\projects\csgo\csgo litehack\PMemory.h(64): warning C4312: 'type cast': conversion from 'DWORD' to 'LPVOID' of greater size
         main.cpp(720): note: see reference to function template instantiation 'T PMemory::ReadNew<GlowObjectDefinition_t>(DWORD)' being compiled
                 with
                 [
                     T=GlowObjectDefinition_t
                 ]
         PMemory.cpp
     1>PMemory.cpp(42): warning C4311: 'type cast': pointer truncation from 'HMODULE' to 'DWORD'
     1>PMemory.cpp(42): warning C4302: 'type cast': truncation from 'HMODULE' to 'DWORD'
     1>PMemory.cpp(84): warning C4312: 'type cast': conversion from 'DWORD' to 'LPVOID' of greater size
       Link:
         C:\Program Files (x86)\Microsoft Visual Studio 14.0\VC\bin\x86_amd64\link.exe /ERRORREPORT:PROMPT /OUT:"C:\Users\Kevin\Documents\Visual Studio 2015\Projects\CSGO\x64\Release\CSGO Litehack.exe" /INCREMENTAL:NO /NOLOGO kernel32.lib user32.lib gdi32.lib winspool.lib comdlg32.lib advapi32.lib shell32.lib ole32.lib oleaut32.lib uuid.lib odbc32.lib odbccp32.lib /MANIFEST /MANIFESTUAC:"level='asInvoker' uiAccess='false'" /manifest:embed /Debug /PDB:"C:\Users\Kevin\Documents\Visual Studio 2015\Projects\CSGO\x64\Release\CSGO Litehack.pdb" /SUBSYSTEM:CONSOLE /OPT:REF /OPT:ICF /LTCG:incremental /TLBID:1 /DYNAMICBASE /NXCOMPAT /IMPLIB:"C:\Users\Kevin\Documents\Visual Studio 2015\Projects\CSGO\x64\Release\CSGO Litehack.lib" /MACHINE:X64 x64\Release\BSP.obj
         x64\Release\main.obj
         x64\Release\PMemory.obj
         Generating code
         All 470 functions were compiled because no usable IPDB/IOBJ from previous compilation was found.
         Finished generating code
         CSGO Litehack.vcxproj -> C:\Users\Kevin\Documents\Visual Studio 2015\Projects\CSGO\x64\Release\CSGO Litehack.exe
     1>Done Building Project "C:\Users\Kevin\Documents\Visual Studio 2015\Projects\CSGO\CSGO Litehack\CSGO Litehack.vcxproj" (Rebuild target(s)).

Build succeeded.

Time Elapsed 00:00:04.98
